<?xml version="1.0" encoding="UTF-8"?>
<!-- Generated by org.testng.reporters.JUnitXMLReporter -->
<testsuite hostname="LAPTOP-L8FDBCTT" ignored="0" name="Command line test" tests="15" failures="1" timestamp="29 Aug 2021 23:15:37 GMT" time="49.209" errors="0">
  <testcase name="negativeLoginTestAll" time="3.531" classname="pageTests.LoginTest"/>
  <testcase name="negativeLoginTestAll" time="1.582" classname="pageTests.LoginTest"/>
  <testcase name="negativeLoginTestAll" time="1.726" classname="pageTests.LoginTest"/>
  <testcase name="negativeLoginTestAll" time="1.814" classname="pageTests.LoginTest"/>
  <testcase name="negativeLoginTestAll" time="1.672" classname="pageTests.LoginTest"/>
  <testcase name="negativeLoginTestAll" time="1.561" classname="pageTests.LoginTest"/>
  <testcase name="negativeLoginTestPassword" time="1.489" classname="pageTests.LoginTest"/>
  <testcase name="negativeLoginTestPassword" time="1.889" classname="pageTests.LoginTest"/>
  <testcase name="negativeLoginTestPassword" time="1.588" classname="pageTests.LoginTest"/>
  <testcase name="negativeLoginTestPassword" time="1.603" classname="pageTests.LoginTest"/>
  <testcase name="negativeLoginTestUserName" time="1.695" classname="pageTests.LoginTest"/>
  <testcase name="negativeLoginTestUserName" time="1.623" classname="pageTests.LoginTest"/>
  <testcase name="negativeLoginTestUserName" time="1.634" classname="pageTests.LoginTest"/>
  <testcase name="negativeLoginTestUserName" time="1.644" classname="pageTests.LoginTest"/>
  <testcase name="positiveTestLogin" time="11.659" classname="pageTests.LoginTest">
    <failure type="org.openqa.selenium.NoSuchElementException" message="no such element: Unable to locate element: {&amp;quot;method&amp;quot;:&amp;quot;css selector&amp;quot;,&amp;quot;selector&amp;quot;:&amp;quot;#username&amp;quot;}
  (Session info: chrome=92.0.4515.159)
For documentation on this error, please visit: https://www.seleniumhq.org/exceptions/no_such_element.html
Build info: version: &amp;apos;3.141.59&amp;apos;, revision: &amp;apos;e82be7d358&amp;apos;, time: &amp;apos;2018-11-14T08:17:03&amp;apos;
System info: host: &amp;apos;LAPTOP-L8FDBCTT&amp;apos;, ip: &amp;apos;192.168.43.148&amp;apos;, os.name: &amp;apos;Windows 10&amp;apos;, os.arch: &amp;apos;amd64&amp;apos;, os.version: &amp;apos;10.0&amp;apos;, java.version: &amp;apos;1.8.0_231&amp;apos;
Driver info: org.openqa.selenium.chrome.ChromeDriver
Capabilities {acceptInsecureCerts: false, browserName: chrome, browserVersion: 92.0.4515.159, chrome: {chromedriverVersion: 92.0.4515.107 (87a818b10553..., userDataDir: C:\Users\AYTEN-~1\AppData\L...}, goog:chromeOptions: {debuggerAddress: localhost:50679}, javascriptEnabled: true, networkConnectionEnabled: false, pageLoadStrategy: normal, platform: WINDOWS, platformName: WINDOWS, proxy: Proxy(), setWindowRect: true, strictFileInteractability: false, timeouts: {implicit: 0, pageLoad: 300000, script: 30000}, unhandledPromptBehavior: dismiss and notify, webauthn:extension:credBlob: true, webauthn:extension:largeBlob: true, webauthn:virtualAuthenticators: true}
Session ID: d1d5b79f893a5b18d9870101192dddb3
*** Element info: {Using=id, value=username}">
      <![CDATA[org.openqa.selenium.NoSuchElementException: no such element: Unable to locate element: {"method":"css selector","selector":"#username"}
  (Session info: chrome=92.0.4515.159)
For documentation on this error, please visit: https://www.seleniumhq.org/exceptions/no_such_element.html
Build info: version: '3.141.59', revision: 'e82be7d358', time: '2018-11-14T08:17:03'
System info: host: 'LAPTOP-L8FDBCTT', ip: '192.168.43.148', os.name: 'Windows 10', os.arch: 'amd64', os.version: '10.0', java.version: '1.8.0_231'
Driver info: org.openqa.selenium.chrome.ChromeDriver
Capabilities {acceptInsecureCerts: false, browserName: chrome, browserVersion: 92.0.4515.159, chrome: {chromedriverVersion: 92.0.4515.107 (87a818b10553..., userDataDir: C:\Users\AYTEN-~1\AppData\L...}, goog:chromeOptions: {debuggerAddress: localhost:50679}, javascriptEnabled: true, networkConnectionEnabled: false, pageLoadStrategy: normal, platform: WINDOWS, platformName: WINDOWS, proxy: Proxy(), setWindowRect: true, strictFileInteractability: false, timeouts: {implicit: 0, pageLoad: 300000, script: 30000}, unhandledPromptBehavior: dismiss and notify, webauthn:extension:credBlob: true, webauthn:extension:largeBlob: true, webauthn:virtualAuthenticators: true}
Session ID: d1d5b79f893a5b18d9870101192dddb3
*** Element info: {Using=id, value=username}
at org.openqa.selenium.remote.http.W3CHttpResponseCodec.createException(W3CHttpResponseCodec.java:187)
at org.openqa.selenium.remote.http.W3CHttpResponseCodec.decode(W3CHttpResponseCodec.java:122)
at org.openqa.selenium.remote.http.W3CHttpResponseCodec.decode(W3CHttpResponseCodec.java:49)
at org.openqa.selenium.remote.HttpCommandExecutor.execute(HttpCommandExecutor.java:158)
at org.openqa.selenium.remote.service.DriverCommandExecutor.execute(DriverCommandExecutor.java:83)
at org.openqa.selenium.remote.RemoteWebDriver.execute(RemoteWebDriver.java:552)
at org.openqa.selenium.remote.RemoteWebDriver.findElement(RemoteWebDriver.java:323)
at org.openqa.selenium.remote.RemoteWebDriver.findElementById(RemoteWebDriver.java:372)
at org.openqa.selenium.By$ById.findElement(By.java:188)
at org.openqa.selenium.remote.RemoteWebDriver.findElement(RemoteWebDriver.java:315)
at org.openqa.selenium.support.pagefactory.DefaultElementLocator.findElement(DefaultElementLocator.java:69)
at org.openqa.selenium.support.pagefactory.internal.LocatingElementHandler.invoke(LocatingElementHandler.java:38)
at com.sun.proxy.$Proxy9.sendKeys(Unknown Source)
at pages.LoginPage.login(LoginPage.java:43)
at pageTests.LoginTest.positiveTestLogin(LoginTest.java:33)
... Removed 38 stack frames]]>
    </failure>
  </testcase> <!-- positiveTestLogin -->
</testsuite> <!-- Command line test -->
